<?xml version="1.0" encoding="UTF-8"?>
<!-- Generated by org.testng.reporters.JUnitReportReporter -->
<testsuite hostname="ahamedabdulrahman" failures="0" tests="1" name="com.testCases.MainPageTestCases" time="49.476" errors="0" timestamp="2019-12-09T00:24:02 IST" skipped="0">
  <testcase classname="com.testCases.MainPageTestCases" name="sendMessage" time="49.476"/>
</testsuite> <!-- com.testCases.MainPageTestCases -->
